\BOOKMARK [0][-]{chapter*.3}{Abstract}{}% 1
\BOOKMARK [0][-]{chapter.1}{Introduction}{}% 2
\BOOKMARK [0][-]{chapter.2}{Causal inference from complex longitudinal data}{}% 3
\BOOKMARK [1][-]{section.2.1}{TIME-VARYING TREATMENTS \(19\)}{chapter.2}% 4
\BOOKMARK [2][-]{subsection.2.1.1}{The causal effect of time-varying treatments \(19.1\)}{section.2.1}% 5
\BOOKMARK [2][-]{subsection.2.1.2}{Treatment strategies \(19.2\)}{section.2.1}% 6
\BOOKMARK [2][-]{subsection.2.1.3}{Sequentially randomized experiments \(19.3\)}{section.2.1}% 7
\BOOKMARK [2][-]{subsection.2.1.4}{Sequential exchangeability \(19.4\)}{section.2.1}% 8
\BOOKMARK [2][-]{subsection.2.1.5}{Identifiability under some but not all treatment strategies \(19.5\)}{section.2.1}% 9
\BOOKMARK [2][-]{subsection.2.1.6}{Time-varying confounding and time-varying confounders \(19.6\)}{section.2.1}% 10
\BOOKMARK [1][-]{section.2.2}{TREATMENT-CONFOUNDER FEEDBACK \(20\)}{chapter.2}% 11
\BOOKMARK [2][-]{subsection.2.2.1}{The elements of treatment-confounder feedback \(20.1\)}{section.2.2}% 12
\BOOKMARK [2][-]{subsection.2.2.2}{The bias of traditional methods \(20.2\)}{section.2.2}% 13
\BOOKMARK [2][-]{subsection.2.2.3}{Why traditional methods fail \(20.3\)}{section.2.2}% 14
\BOOKMARK [1][-]{section.2.3}{G-METHODS FOR TIME-VARYING TREATMENTS \(21\)}{chapter.2}% 15
\BOOKMARK [2][-]{subsection.2.3.1}{The g-formula for time-varying treatments \(21.1\)}{section.2.3}% 16
\BOOKMARK [1][-]{section.2.4}{Transformation models}{chapter.2}% 17
\BOOKMARK [2][-]{subsection.2.4.1}{An example}{section.2.4}% 18
\BOOKMARK [1][-]{section.2.5}{Differences between lm and tram::Lm}{chapter.2}% 19
\BOOKMARK [2][-]{subsection.2.5.1}{Maximum-Likelihood estimation for the linear regression model}{section.2.5}% 20
\BOOKMARK [2][-]{subsection.2.5.2}{Maximum-Likelihood estimation for the transformation model equivalent \(tram::Lm\)}{section.2.5}% 21
\BOOKMARK [0][-]{appendix.A}{Appendix}{}% 22
\BOOKMARK [1][-]{section.A.1}{Approximate likelihood}{appendix.A}% 23
\BOOKMARK [1][-]{section.A.2}{Computational reproducibility}{appendix.A}% 24
\BOOKMARK [0][-]{section*.13}{Bibliography}{}% 25
